11:26:57.759 [main] DEBUG io.netty.channel.MultithreadEventLoopGroup - -Dio.netty.eventLoopThreads: 8
11:26:57.791 [main] DEBUG io.netty.channel.nio.NioEventLoop - -Dio.netty.noKeySetOptimization: false
11:26:57.791 [main] DEBUG io.netty.channel.nio.NioEventLoop - -Dio.netty.selectorAutoRebuildThreshold: 512
11:26:57.806 [main] TRACE io.netty.channel.nio.NioEventLoop - instrumented a special java.util.Set into: sun.nio.ch.WindowsSelectorImpl@a77614d
11:26:57.808 [main] TRACE io.netty.channel.nio.NioEventLoop - instrumented a special java.util.Set into: sun.nio.ch.WindowsSelectorImpl@a1217f9
11:26:57.810 [main] TRACE io.netty.channel.nio.NioEventLoop - instrumented a special java.util.Set into: sun.nio.ch.WindowsSelectorImpl@3bde62ff
11:26:57.811 [main] TRACE io.netty.channel.nio.NioEventLoop - instrumented a special java.util.Set into: sun.nio.ch.WindowsSelectorImpl@523424b5
11:26:57.812 [main] TRACE io.netty.channel.nio.NioEventLoop - instrumented a special java.util.Set into: sun.nio.ch.WindowsSelectorImpl@2baa8d82
11:26:57.814 [main] TRACE io.netty.channel.nio.NioEventLoop - instrumented a special java.util.Set into: sun.nio.ch.WindowsSelectorImpl@319dead1
11:26:57.816 [main] TRACE io.netty.channel.nio.NioEventLoop - instrumented a special java.util.Set into: sun.nio.ch.WindowsSelectorImpl@791cbf87
11:26:57.818 [main] TRACE io.netty.channel.nio.NioEventLoop - instrumented a special java.util.Set into: sun.nio.ch.WindowsSelectorImpl@a7e2d9d
11:26:57.860 [main] DEBUG io.netty.buffer.PooledByteBufAllocator - -Dio.netty.allocator.numHeapArenas: 8
11:26:57.860 [main] DEBUG io.netty.buffer.PooledByteBufAllocator - -Dio.netty.allocator.numDirectArenas: 8
11:26:57.860 [main] DEBUG io.netty.buffer.PooledByteBufAllocator - -Dio.netty.allocator.pageSize: 8192
11:26:57.860 [main] DEBUG io.netty.buffer.PooledByteBufAllocator - -Dio.netty.allocator.maxOrder: 11
11:26:57.860 [main] DEBUG io.netty.buffer.PooledByteBufAllocator - -Dio.netty.allocator.chunkSize: 16777216
11:26:57.860 [main] DEBUG io.netty.buffer.PooledByteBufAllocator - -Dio.netty.allocator.smallCacheSize: 256
11:26:57.860 [main] DEBUG io.netty.buffer.PooledByteBufAllocator - -Dio.netty.allocator.normalCacheSize: 64
11:26:57.860 [main] DEBUG io.netty.buffer.PooledByteBufAllocator - -Dio.netty.allocator.maxCachedBufferCapacity: 32768
11:26:57.861 [main] DEBUG io.netty.buffer.PooledByteBufAllocator - -Dio.netty.allocator.cacheTrimInterval: 8192
11:26:57.861 [main] DEBUG io.netty.buffer.PooledByteBufAllocator - -Dio.netty.allocator.cacheTrimIntervalMillis: 0
11:26:57.861 [main] DEBUG io.netty.buffer.PooledByteBufAllocator - -Dio.netty.allocator.useCacheForAllThreads: true
11:26:57.861 [main] DEBUG io.netty.buffer.PooledByteBufAllocator - -Dio.netty.allocator.maxCachedByteBuffersPerChunk: 1023
11:26:57.874 [main] DEBUG io.netty.buffer.ByteBufUtil - -Dio.netty.allocator.type: pooled
11:26:57.874 [main] DEBUG io.netty.buffer.ByteBufUtil - -Dio.netty.threadLocalDirectBufferSize: 0
11:26:57.874 [main] DEBUG io.netty.buffer.ByteBufUtil - -Dio.netty.maxThreadLocalCharBufferSize: 16384
11:26:58.900 [Forwarding newSession on session null to remote] DEBUG io.netty.channel.DefaultChannelId - -Dio.netty.processId: 19700 (auto-detected)
11:26:58.904 [Forwarding newSession on session null to remote] DEBUG io.netty.util.NetUtil - -Djava.net.preferIPv4Stack: false
11:26:58.904 [Forwarding newSession on session null to remote] DEBUG io.netty.util.NetUtil - -Djava.net.preferIPv6Addresses: false
11:26:59.205 [Forwarding newSession on session null to remote] DEBUG io.netty.util.NetUtilInitializations - Loopback interface: lo (Software Loopback Interface 1, 127.0.0.1)
11:26:59.206 [Forwarding newSession on session null to remote] DEBUG io.netty.util.NetUtil - Failed to get SOMAXCONN from sysctl and file \proc\sys\net\core\somaxconn. Default: 200
11:26:59.490 [Forwarding newSession on session null to remote] DEBUG io.netty.channel.DefaultChannelId - -Dio.netty.machineId: b8:8a:60:ff:fe:f9:98:c2 (auto-detected)
11:26:59.614 [AsyncHttpClient-1-2] DEBUG io.netty.buffer.AbstractByteBuf - -Dio.netty.buffer.checkAccessible: true
11:26:59.615 [AsyncHttpClient-1-2] DEBUG io.netty.buffer.AbstractByteBuf - -Dio.netty.buffer.checkBounds: true
11:26:59.615 [AsyncHttpClient-1-2] DEBUG io.netty.util.ResourceLeakDetectorFactory - Loaded default ResourceLeakDetector: io.netty.util.ResourceLeakDetector@3456c6ac
11:26:59.662 [AsyncHttpClient-1-2] DEBUG io.netty.util.Recycler - -Dio.netty.recycler.maxCapacityPerThread: 4096
11:26:59.662 [AsyncHttpClient-1-2] DEBUG io.netty.util.Recycler - -Dio.netty.recycler.maxSharedCapacityFactor: 2
11:26:59.662 [AsyncHttpClient-1-2] DEBUG io.netty.util.Recycler - -Dio.netty.recycler.linkCapacity: 16
11:26:59.662 [AsyncHttpClient-1-2] DEBUG io.netty.util.Recycler - -Dio.netty.recycler.ratio: 8
11:26:59.662 [AsyncHttpClient-1-2] DEBUG io.netty.util.Recycler - -Dio.netty.recycler.delayedQueue.ratio: 8
11:27:05.622 [main] DEBUG io.netty.util.internal.ThreadLocalRandom - -Dio.netty.initialSeedUniquifier: 0xf0e6540ebf45dd27
11:27:05.731 [main] INFO  testCases.TC_001_AccountRegistration - Launched Chrome Browser
11:27:05.898 [main] INFO  testCases.TC_001_AccountRegistration -  Starting TC_001_AccountRegistration 
11:27:08.561 [main] INFO  testCases.TC_001_AccountRegistration - Home Page Displayed 
11:27:09.420 [main] INFO  testCases.TC_001_AccountRegistration - Clicked on My Account 
11:27:10.466 [main] INFO  testCases.TC_001_AccountRegistration - Clicked on Register 
11:27:10.585 [main] INFO  testCases.TC_001_AccountRegistration - Provided First Name 
11:27:10.668 [main] INFO  testCases.TC_001_AccountRegistration - Provided Last Name 
11:27:10.799 [main] INFO  testCases.TC_001_AccountRegistration - Provided Email 
11:27:10.879 [main] INFO  testCases.TC_001_AccountRegistration - Provided Telephone 
11:27:10.965 [main] INFO  testCases.TC_001_AccountRegistration - Provided Password 
11:27:11.045 [main] INFO  testCases.TC_001_AccountRegistration - Provided Confirmed Password 
11:27:11.199 [main] INFO  testCases.TC_001_AccountRegistration - Set Privacy Policy 
11:27:12.334 [main] INFO  testCases.TC_001_AccountRegistration - Clicked on Continue 
11:27:12.378 [main] INFO  testCases.TC_001_AccountRegistration - Account Registration Success 
11:27:12.381 [main] INFO  testCases.TC_001_AccountRegistration -  Finished TC_001_AccountRegistration 
11:27:17.475 [main] INFO  testCases.TC_002_Login - Launched Chrome Browser
11:27:17.488 [main] INFO  testCases.TC_002_Login -  Starting TC_002_Login 
11:27:21.323 [main] INFO  testCases.TC_002_Login - Home Page Displayed 
11:27:21.689 [main] INFO  testCases.TC_002_Login - Clicked on My Account 
11:27:22.685 [main] INFO  testCases.TC_002_Login - Clicked on Login 
11:27:22.885 [main] INFO  testCases.TC_002_Login - Provided Email 
11:27:23.101 [main] INFO  testCases.TC_002_Login - Provided Password 
11:27:25.049 [main] INFO  testCases.TC_002_Login - Clicked on Login
11:27:25.113 [main] INFO  testCases.TC_002_Login - Login Success 
11:27:25.113 [main] INFO  testCases.TC_002_Login -  Finished TC_002_Login 
11:27:30.146 [main] INFO  testCases.TC_003_LoginDDT - Launched Chrome Browser
11:27:32.125 [main] INFO  testCases.TC_003_LoginDDT -  Starting TC_003_LoginDDT 
11:27:34.330 [main] INFO  testCases.TC_003_LoginDDT - Home Page Displayed 
11:27:34.768 [main] INFO  testCases.TC_003_LoginDDT - Clicked on My Account 
11:27:35.325 [main] INFO  testCases.TC_003_LoginDDT - Clicked on Login 
11:27:35.460 [main] INFO  testCases.TC_003_LoginDDT - Provided Email 
11:27:35.591 [main] INFO  testCases.TC_003_LoginDDT - Provided Password 
11:27:36.576 [main] INFO  testCases.TC_003_LoginDDT - Clicked on Login
11:27:36.631 [main] INFO  testCases.TC_003_LoginDDT - Login Success 
11:27:37.443 [main] INFO  testCases.TC_003_LoginDDT -  Finished TC_003_LoginDDT 
11:27:37.445 [main] INFO  testCases.TC_003_LoginDDT -  Starting TC_003_LoginDDT 
11:27:37.939 [main] INFO  testCases.TC_003_LoginDDT - Home Page Displayed 
11:27:38.022 [main] INFO  testCases.TC_003_LoginDDT - Clicked on My Account 
11:27:38.503 [main] INFO  testCases.TC_003_LoginDDT - Clicked on Login 
11:27:38.629 [main] INFO  testCases.TC_003_LoginDDT - Provided Email 
11:27:38.703 [main] INFO  testCases.TC_003_LoginDDT - Provided Password 
11:27:39.336 [main] INFO  testCases.TC_003_LoginDDT - Clicked on Login
11:27:49.404 [main] ERROR testCases.TC_003_LoginDDT - Login Failed 
11:27:49.404 [main] INFO  testCases.TC_003_LoginDDT -  Finished TC_003_LoginDDT 
11:27:49.404 [main] INFO  testCases.TC_003_LoginDDT -  Starting TC_003_LoginDDT 
11:27:50.424 [main] INFO  testCases.TC_003_LoginDDT - Home Page Displayed 
11:27:50.544 [main] INFO  testCases.TC_003_LoginDDT - Clicked on My Account 
11:27:51.047 [main] INFO  testCases.TC_003_LoginDDT - Clicked on Login 
11:27:51.149 [main] INFO  testCases.TC_003_LoginDDT - Provided Email 
11:27:51.221 [main] INFO  testCases.TC_003_LoginDDT - Provided Password 
11:27:51.841 [main] INFO  testCases.TC_003_LoginDDT - Clicked on Login
11:28:01.906 [main] ERROR testCases.TC_003_LoginDDT - Login Failed 
11:28:01.906 [main] INFO  testCases.TC_003_LoginDDT -  Finished TC_003_LoginDDT 
11:28:01.908 [main] INFO  testCases.TC_003_LoginDDT -  Starting TC_003_LoginDDT 
11:28:03.098 [main] INFO  testCases.TC_003_LoginDDT - Home Page Displayed 
11:28:03.181 [main] INFO  testCases.TC_003_LoginDDT - Clicked on My Account 
11:28:03.699 [main] INFO  testCases.TC_003_LoginDDT - Clicked on Login 
11:28:03.829 [main] INFO  testCases.TC_003_LoginDDT - Provided Email 
11:28:03.893 [main] INFO  testCases.TC_003_LoginDDT - Provided Password 
11:28:04.552 [main] INFO  testCases.TC_003_LoginDDT - Clicked on Login
11:28:14.580 [main] ERROR testCases.TC_003_LoginDDT - Login Failed 
11:28:14.581 [main] INFO  testCases.TC_003_LoginDDT -  Finished TC_003_LoginDDT 
17:04:09.472 [main] DEBUG io.netty.util.internal.logging.InternalLoggerFactory - Using Log4J2 as the default logging framework
17:04:09.486 [main] DEBUG io.netty.util.ResourceLeakDetector - -Dio.netty.leakDetection.level: simple
17:04:09.486 [main] DEBUG io.netty.util.ResourceLeakDetector - -Dio.netty.leakDetection.targetRecords: 4
17:04:09.493 [main] DEBUG io.netty.util.ResourceLeakDetectorFactory - Loaded default ResourceLeakDetector: io.netty.util.ResourceLeakDetector@5ce33a58
17:04:09.522 [main] DEBUG io.netty.util.internal.PlatformDependent - Platform: Windows
17:04:09.525 [main] DEBUG io.netty.util.internal.PlatformDependent0 - -Dio.netty.noUnsafe: false
17:04:09.526 [main] DEBUG io.netty.util.internal.PlatformDependent0 - Java version: 8
17:04:09.528 [main] DEBUG io.netty.util.internal.PlatformDependent0 - sun.misc.Unsafe.theUnsafe: available
17:04:09.529 [main] DEBUG io.netty.util.internal.PlatformDependent0 - sun.misc.Unsafe.copyMemory: available
17:04:09.530 [main] DEBUG io.netty.util.internal.PlatformDependent0 - java.nio.Buffer.address: available
17:04:09.531 [main] DEBUG io.netty.util.internal.PlatformDependent0 - direct buffer constructor: available
17:04:09.533 [main] DEBUG io.netty.util.internal.PlatformDependent0 - java.nio.Bits.unaligned: available, true
17:04:09.533 [main] DEBUG io.netty.util.internal.PlatformDependent0 - jdk.internal.misc.Unsafe.allocateUninitializedArray(int): unavailable prior to Java9
17:04:09.533 [main] DEBUG io.netty.util.internal.PlatformDependent0 - java.nio.DirectByteBuffer.<init>(long, int): available
17:04:09.533 [main] DEBUG io.netty.util.internal.PlatformDependent - sun.misc.Unsafe: available
17:04:09.534 [main] DEBUG io.netty.util.internal.PlatformDependent - -Dio.netty.tmpdir: C:\Users\q777254\AppData\Local\Temp (java.io.tmpdir)
17:04:09.534 [main] DEBUG io.netty.util.internal.PlatformDependent - -Dio.netty.bitMode: 64 (sun.arch.data.model)
17:04:09.535 [main] DEBUG io.netty.util.internal.PlatformDependent - -Dio.netty.maxDirectMemory: 1773142016 bytes
17:04:09.535 [main] DEBUG io.netty.util.internal.PlatformDependent - -Dio.netty.uninitializedArrayAllocationThreshold: -1
17:04:09.537 [main] DEBUG io.netty.util.internal.CleanerJava6 - java.nio.ByteBuffer.cleaner(): available
17:04:09.537 [main] DEBUG io.netty.util.internal.PlatformDependent - -Dio.netty.noPreferDirect: false
17:04:09.552 [main] DEBUG io.netty.util.internal.PlatformDependent - org.jctools-core.MpscChunkedArrayQueue: available
17:04:09.587 [main] DEBUG io.netty.util.internal.InternalThreadLocalMap - -Dio.netty.threadLocalMap.stringBuilder.initialSize: 1024
17:04:09.587 [main] DEBUG io.netty.util.internal.InternalThreadLocalMap - -Dio.netty.threadLocalMap.stringBuilder.maxSize: 4096
17:04:09.640 [main] DEBUG io.netty.handler.ssl.JdkSslContext - Default protocols (JDK): [TLSv1.2, TLSv1.1, TLSv1] 
17:04:09.640 [main] DEBUG io.netty.handler.ssl.JdkSslContext - Default cipher suites (JDK): [TLS_ECDHE_ECDSA_WITH_AES_128_GCM_SHA256, TLS_ECDHE_RSA_WITH_AES_128_GCM_SHA256, TLS_ECDHE_RSA_WITH_AES_128_CBC_SHA, TLS_RSA_WITH_AES_128_GCM_SHA256, TLS_RSA_WITH_AES_128_CBC_SHA]
17:04:09.684 [main] DEBUG io.netty.channel.MultithreadEventLoopGroup - -Dio.netty.eventLoopThreads: 8
17:04:09.698 [main] DEBUG io.netty.channel.nio.NioEventLoop - -Dio.netty.noKeySetOptimization: false
17:04:09.698 [main] DEBUG io.netty.channel.nio.NioEventLoop - -Dio.netty.selectorAutoRebuildThreshold: 512
17:04:09.711 [main] TRACE io.netty.channel.nio.NioEventLoop - instrumented a special java.util.Set into: sun.nio.ch.WindowsSelectorImpl@7f811d00
17:04:09.713 [main] TRACE io.netty.channel.nio.NioEventLoop - instrumented a special java.util.Set into: sun.nio.ch.WindowsSelectorImpl@f19c9d2
17:04:09.714 [main] TRACE io.netty.channel.nio.NioEventLoop - instrumented a special java.util.Set into: sun.nio.ch.WindowsSelectorImpl@7807ac2c
17:04:09.716 [main] TRACE io.netty.channel.nio.NioEventLoop - instrumented a special java.util.Set into: sun.nio.ch.WindowsSelectorImpl@b91d8c4
17:04:09.717 [main] TRACE io.netty.channel.nio.NioEventLoop - instrumented a special java.util.Set into: sun.nio.ch.WindowsSelectorImpl@4b6166aa
17:04:09.719 [main] TRACE io.netty.channel.nio.NioEventLoop - instrumented a special java.util.Set into: sun.nio.ch.WindowsSelectorImpl@a77614d
17:04:09.720 [main] TRACE io.netty.channel.nio.NioEventLoop - instrumented a special java.util.Set into: sun.nio.ch.WindowsSelectorImpl@4fd4cae3
17:04:09.721 [main] TRACE io.netty.channel.nio.NioEventLoop - instrumented a special java.util.Set into: sun.nio.ch.WindowsSelectorImpl@4a067c25
17:04:09.760 [main] DEBUG io.netty.buffer.PooledByteBufAllocator - -Dio.netty.allocator.numHeapArenas: 8
17:04:09.760 [main] DEBUG io.netty.buffer.PooledByteBufAllocator - -Dio.netty.allocator.numDirectArenas: 8
17:04:09.760 [main] DEBUG io.netty.buffer.PooledByteBufAllocator - -Dio.netty.allocator.pageSize: 8192
17:04:09.760 [main] DEBUG io.netty.buffer.PooledByteBufAllocator - -Dio.netty.allocator.maxOrder: 11
17:04:09.760 [main] DEBUG io.netty.buffer.PooledByteBufAllocator - -Dio.netty.allocator.chunkSize: 16777216
17:04:09.760 [main] DEBUG io.netty.buffer.PooledByteBufAllocator - -Dio.netty.allocator.smallCacheSize: 256
17:04:09.760 [main] DEBUG io.netty.buffer.PooledByteBufAllocator - -Dio.netty.allocator.normalCacheSize: 64
17:04:09.760 [main] DEBUG io.netty.buffer.PooledByteBufAllocator - -Dio.netty.allocator.maxCachedBufferCapacity: 32768
17:04:09.760 [main] DEBUG io.netty.buffer.PooledByteBufAllocator - -Dio.netty.allocator.cacheTrimInterval: 8192
17:04:09.760 [main] DEBUG io.netty.buffer.PooledByteBufAllocator - -Dio.netty.allocator.cacheTrimIntervalMillis: 0
17:04:09.760 [main] DEBUG io.netty.buffer.PooledByteBufAllocator - -Dio.netty.allocator.useCacheForAllThreads: true
17:04:09.760 [main] DEBUG io.netty.buffer.PooledByteBufAllocator - -Dio.netty.allocator.maxCachedByteBuffersPerChunk: 1023
17:04:09.774 [main] DEBUG io.netty.buffer.ByteBufUtil - -Dio.netty.allocator.type: pooled
17:04:09.774 [main] DEBUG io.netty.buffer.ByteBufUtil - -Dio.netty.threadLocalDirectBufferSize: 0
17:04:09.774 [main] DEBUG io.netty.buffer.ByteBufUtil - -Dio.netty.maxThreadLocalCharBufferSize: 16384
17:04:11.295 [Forwarding newSession on session null to remote] DEBUG io.netty.channel.DefaultChannelId - -Dio.netty.processId: 6124 (auto-detected)
17:04:11.298 [Forwarding newSession on session null to remote] DEBUG io.netty.util.NetUtil - -Djava.net.preferIPv4Stack: false
17:04:11.299 [Forwarding newSession on session null to remote] DEBUG io.netty.util.NetUtil - -Djava.net.preferIPv6Addresses: false
17:04:11.593 [Forwarding newSession on session null to remote] DEBUG io.netty.util.NetUtilInitializations - Loopback interface: lo (Software Loopback Interface 1, 127.0.0.1)
17:04:11.595 [Forwarding newSession on session null to remote] DEBUG io.netty.util.NetUtil - Failed to get SOMAXCONN from sysctl and file \proc\sys\net\core\somaxconn. Default: 200
17:04:11.921 [Forwarding newSession on session null to remote] DEBUG io.netty.channel.DefaultChannelId - -Dio.netty.machineId: b8:8a:60:ff:fe:f9:98:c2 (auto-detected)
17:04:12.034 [AsyncHttpClient-1-2] DEBUG io.netty.buffer.AbstractByteBuf - -Dio.netty.buffer.checkAccessible: true
17:04:12.034 [AsyncHttpClient-1-2] DEBUG io.netty.buffer.AbstractByteBuf - -Dio.netty.buffer.checkBounds: true
17:04:12.034 [AsyncHttpClient-1-2] DEBUG io.netty.util.ResourceLeakDetectorFactory - Loaded default ResourceLeakDetector: io.netty.util.ResourceLeakDetector@21711a14
17:04:12.070 [AsyncHttpClient-1-2] DEBUG io.netty.util.Recycler - -Dio.netty.recycler.maxCapacityPerThread: 4096
17:04:12.070 [AsyncHttpClient-1-2] DEBUG io.netty.util.Recycler - -Dio.netty.recycler.maxSharedCapacityFactor: 2
17:04:12.070 [AsyncHttpClient-1-2] DEBUG io.netty.util.Recycler - -Dio.netty.recycler.linkCapacity: 16
17:04:12.070 [AsyncHttpClient-1-2] DEBUG io.netty.util.Recycler - -Dio.netty.recycler.ratio: 8
17:04:12.071 [AsyncHttpClient-1-2] DEBUG io.netty.util.Recycler - -Dio.netty.recycler.delayedQueue.ratio: 8
17:04:17.206 [main] DEBUG io.netty.util.internal.ThreadLocalRandom - -Dio.netty.initialSeedUniquifier: 0x56c2659db7c279f3
17:04:17.286 [main] INFO  testCases.TC_001_AccountRegistration - Launched Chrome Browser
17:04:17.320 [main] INFO  testCases.TC_001_AccountRegistration -  Starting TC_001_AccountRegistration 
17:04:22.362 [main] INFO  testCases.TC_001_AccountRegistration - Home Page Displayed 
17:04:22.705 [main] INFO  testCases.TC_001_AccountRegistration - Clicked on My Account 
17:04:26.548 [main] INFO  testCases.TC_001_AccountRegistration - Clicked on Register 
17:04:26.684 [main] INFO  testCases.TC_001_AccountRegistration - Provided First Name 
17:04:26.811 [main] INFO  testCases.TC_001_AccountRegistration - Provided Last Name 
17:04:26.911 [main] INFO  testCases.TC_001_AccountRegistration - Provided Email 
17:04:26.986 [main] INFO  testCases.TC_001_AccountRegistration - Provided Telephone 
17:04:27.063 [main] INFO  testCases.TC_001_AccountRegistration - Provided Password 
17:04:27.132 [main] INFO  testCases.TC_001_AccountRegistration - Provided Confirmed Password 
17:04:27.199 [main] INFO  testCases.TC_001_AccountRegistration - Set Privacy Policy 
17:04:29.949 [main] INFO  testCases.TC_001_AccountRegistration - Clicked on Continue 
17:04:30.014 [main] INFO  testCases.TC_001_AccountRegistration - Account Registration Success 
17:04:30.018 [main] INFO  testCases.TC_001_AccountRegistration -  Finished TC_001_AccountRegistration 
17:04:34.659 [main] INFO  testCases.TC_002_Login - Launched Chrome Browser
17:04:34.667 [main] INFO  testCases.TC_002_Login -  Starting TC_002_Login 
17:04:36.161 [main] INFO  testCases.TC_002_Login - Home Page Displayed 
17:04:37.001 [main] INFO  testCases.TC_002_Login - Clicked on My Account 
17:04:37.522 [main] INFO  testCases.TC_002_Login - Clicked on Login 
17:04:37.660 [main] INFO  testCases.TC_002_Login - Provided Email 
17:04:37.758 [main] INFO  testCases.TC_002_Login - Provided Password 
17:04:38.594 [main] INFO  testCases.TC_002_Login - Clicked on Login
17:04:38.694 [main] INFO  testCases.TC_002_Login - Login Success 
17:04:38.694 [main] INFO  testCases.TC_002_Login -  Finished TC_002_Login 
17:04:43.554 [main] INFO  testCases.TC_003_LoginDDT - Launched Chrome Browser
17:04:45.203 [main] INFO  testCases.TC_003_LoginDDT -  Starting TC_003_LoginDDT 
17:04:46.877 [main] INFO  testCases.TC_003_LoginDDT - Home Page Displayed 
17:04:47.370 [main] INFO  testCases.TC_003_LoginDDT - Clicked on My Account 
17:04:47.918 [main] INFO  testCases.TC_003_LoginDDT - Clicked on Login 
17:04:48.062 [main] INFO  testCases.TC_003_LoginDDT - Provided Email 
17:04:48.172 [main] INFO  testCases.TC_003_LoginDDT - Provided Password 
17:04:48.997 [main] INFO  testCases.TC_003_LoginDDT - Clicked on Login
17:04:49.067 [main] INFO  testCases.TC_003_LoginDDT - Login Success 
17:04:49.733 [main] INFO  testCases.TC_003_LoginDDT -  Finished TC_003_LoginDDT 
17:04:49.734 [main] INFO  testCases.TC_003_LoginDDT -  Starting TC_003_LoginDDT 
17:04:50.211 [main] INFO  testCases.TC_003_LoginDDT - Home Page Displayed 
17:04:50.295 [main] INFO  testCases.TC_003_LoginDDT - Clicked on My Account 
17:04:50.703 [main] INFO  testCases.TC_003_LoginDDT - Clicked on Login 
17:04:50.836 [main] INFO  testCases.TC_003_LoginDDT - Provided Email 
17:04:50.952 [main] INFO  testCases.TC_003_LoginDDT - Provided Password 
17:04:51.498 [main] INFO  testCases.TC_003_LoginDDT - Clicked on Login
17:05:01.570 [main] ERROR testCases.TC_003_LoginDDT - Login Failed 
17:05:01.570 [main] INFO  testCases.TC_003_LoginDDT -  Finished TC_003_LoginDDT 
17:05:01.571 [main] INFO  testCases.TC_003_LoginDDT -  Starting TC_003_LoginDDT 
17:05:02.436 [main] INFO  testCases.TC_003_LoginDDT - Home Page Displayed 
17:05:02.521 [main] INFO  testCases.TC_003_LoginDDT - Clicked on My Account 
17:05:03.010 [main] INFO  testCases.TC_003_LoginDDT - Clicked on Login 
17:05:03.119 [main] INFO  testCases.TC_003_LoginDDT - Provided Email 
17:05:03.190 [main] INFO  testCases.TC_003_LoginDDT - Provided Password 
17:05:03.754 [main] INFO  testCases.TC_003_LoginDDT - Clicked on Login
17:05:13.803 [main] ERROR testCases.TC_003_LoginDDT - Login Failed 
17:05:13.803 [main] INFO  testCases.TC_003_LoginDDT -  Finished TC_003_LoginDDT 
17:05:13.805 [main] INFO  testCases.TC_003_LoginDDT -  Starting TC_003_LoginDDT 
17:05:14.481 [main] INFO  testCases.TC_003_LoginDDT - Home Page Displayed 
17:05:14.593 [main] INFO  testCases.TC_003_LoginDDT - Clicked on My Account 
17:05:15.044 [main] INFO  testCases.TC_003_LoginDDT - Clicked on Login 
17:05:15.138 [main] INFO  testCases.TC_003_LoginDDT - Provided Email 
17:05:15.205 [main] INFO  testCases.TC_003_LoginDDT - Provided Password 
17:05:15.760 [main] INFO  testCases.TC_003_LoginDDT - Clicked on Login
17:05:25.831 [main] ERROR testCases.TC_003_LoginDDT - Login Failed 
17:05:25.832 [main] INFO  testCases.TC_003_LoginDDT -  Finished TC_003_LoginDDT 
17:05:27.602 [AsyncHttpClient-1-7] DEBUG io.netty.buffer.PoolThreadCache - Freed 3 thread-local buffer(s) from thread: AsyncHttpClient-1-7
17:05:27.601 [AsyncHttpClient-1-3] DEBUG io.netty.buffer.PoolThreadCache - Freed 2 thread-local buffer(s) from thread: AsyncHttpClient-1-3
17:23:57.242 [main] DEBUG io.netty.util.internal.logging.InternalLoggerFactory - Using Log4J2 as the default logging framework
17:23:57.258 [main] DEBUG io.netty.util.ResourceLeakDetector - -Dio.netty.leakDetection.level: simple
17:23:57.258 [main] DEBUG io.netty.util.ResourceLeakDetector - -Dio.netty.leakDetection.targetRecords: 4
17:23:57.263 [main] DEBUG io.netty.util.ResourceLeakDetectorFactory - Loaded default ResourceLeakDetector: io.netty.util.ResourceLeakDetector@f79a760
17:23:57.288 [main] DEBUG io.netty.util.internal.PlatformDependent - Platform: Windows
17:23:57.291 [main] DEBUG io.netty.util.internal.PlatformDependent0 - -Dio.netty.noUnsafe: false
17:23:57.292 [main] DEBUG io.netty.util.internal.PlatformDependent0 - Java version: 8
17:23:57.293 [main] DEBUG io.netty.util.internal.PlatformDependent0 - sun.misc.Unsafe.theUnsafe: available
17:23:57.294 [main] DEBUG io.netty.util.internal.PlatformDependent0 - sun.misc.Unsafe.copyMemory: available
17:23:57.295 [main] DEBUG io.netty.util.internal.PlatformDependent0 - java.nio.Buffer.address: available
17:23:57.296 [main] DEBUG io.netty.util.internal.PlatformDependent0 - direct buffer constructor: available
17:23:57.297 [main] DEBUG io.netty.util.internal.PlatformDependent0 - java.nio.Bits.unaligned: available, true
17:23:57.298 [main] DEBUG io.netty.util.internal.PlatformDependent0 - jdk.internal.misc.Unsafe.allocateUninitializedArray(int): unavailable prior to Java9
17:23:57.298 [main] DEBUG io.netty.util.internal.PlatformDependent0 - java.nio.DirectByteBuffer.<init>(long, int): available
17:23:57.298 [main] DEBUG io.netty.util.internal.PlatformDependent - sun.misc.Unsafe: available
17:23:57.299 [main] DEBUG io.netty.util.internal.PlatformDependent - -Dio.netty.tmpdir: C:\Users\q777254\AppData\Local\Temp (java.io.tmpdir)
17:23:57.299 [main] DEBUG io.netty.util.internal.PlatformDependent - -Dio.netty.bitMode: 64 (sun.arch.data.model)
17:23:57.300 [main] DEBUG io.netty.util.internal.PlatformDependent - -Dio.netty.maxDirectMemory: 1773142016 bytes
17:23:57.300 [main] DEBUG io.netty.util.internal.PlatformDependent - -Dio.netty.uninitializedArrayAllocationThreshold: -1
17:23:57.301 [main] DEBUG io.netty.util.internal.CleanerJava6 - java.nio.ByteBuffer.cleaner(): available
17:23:57.302 [main] DEBUG io.netty.util.internal.PlatformDependent - -Dio.netty.noPreferDirect: false
17:23:57.315 [main] DEBUG io.netty.util.internal.PlatformDependent - org.jctools-core.MpscChunkedArrayQueue: available
17:23:57.345 [main] DEBUG io.netty.util.internal.InternalThreadLocalMap - -Dio.netty.threadLocalMap.stringBuilder.initialSize: 1024
17:23:57.345 [main] DEBUG io.netty.util.internal.InternalThreadLocalMap - -Dio.netty.threadLocalMap.stringBuilder.maxSize: 4096
17:23:57.385 [main] DEBUG io.netty.handler.ssl.JdkSslContext - Default protocols (JDK): [TLSv1.2, TLSv1.1, TLSv1] 
17:23:57.385 [main] DEBUG io.netty.handler.ssl.JdkSslContext - Default cipher suites (JDK): [TLS_ECDHE_ECDSA_WITH_AES_128_GCM_SHA256, TLS_ECDHE_RSA_WITH_AES_128_GCM_SHA256, TLS_ECDHE_RSA_WITH_AES_128_CBC_SHA, TLS_RSA_WITH_AES_128_GCM_SHA256, TLS_RSA_WITH_AES_128_CBC_SHA]
17:23:57.417 [main] DEBUG io.netty.channel.MultithreadEventLoopGroup - -Dio.netty.eventLoopThreads: 8
17:23:57.429 [main] DEBUG io.netty.channel.nio.NioEventLoop - -Dio.netty.noKeySetOptimization: false
17:23:57.429 [main] DEBUG io.netty.channel.nio.NioEventLoop - -Dio.netty.selectorAutoRebuildThreshold: 512
17:23:57.441 [main] TRACE io.netty.channel.nio.NioEventLoop - instrumented a special java.util.Set into: sun.nio.ch.WindowsSelectorImpl@8a589a2
17:23:57.443 [main] TRACE io.netty.channel.nio.NioEventLoop - instrumented a special java.util.Set into: sun.nio.ch.WindowsSelectorImpl@b672aa8
17:23:57.444 [main] TRACE io.netty.channel.nio.NioEventLoop - instrumented a special java.util.Set into: sun.nio.ch.WindowsSelectorImpl@2fab4aff
17:23:57.445 [main] TRACE io.netty.channel.nio.NioEventLoop - instrumented a special java.util.Set into: sun.nio.ch.WindowsSelectorImpl@ec0c838
17:23:57.447 [main] TRACE io.netty.channel.nio.NioEventLoop - instrumented a special java.util.Set into: sun.nio.ch.WindowsSelectorImpl@6e46d9f4
17:23:57.449 [main] TRACE io.netty.channel.nio.NioEventLoop - instrumented a special java.util.Set into: sun.nio.ch.WindowsSelectorImpl@5cc69cfe
17:23:57.450 [main] TRACE io.netty.channel.nio.NioEventLoop - instrumented a special java.util.Set into: sun.nio.ch.WindowsSelectorImpl@29cfd92b
17:23:57.452 [main] TRACE io.netty.channel.nio.NioEventLoop - instrumented a special java.util.Set into: sun.nio.ch.WindowsSelectorImpl@21c64522
17:23:57.479 [main] DEBUG io.netty.buffer.PooledByteBufAllocator - -Dio.netty.allocator.numHeapArenas: 8
17:23:57.479 [main] DEBUG io.netty.buffer.PooledByteBufAllocator - -Dio.netty.allocator.numDirectArenas: 8
17:23:57.480 [main] DEBUG io.netty.buffer.PooledByteBufAllocator - -Dio.netty.allocator.pageSize: 8192
17:23:57.480 [main] DEBUG io.netty.buffer.PooledByteBufAllocator - -Dio.netty.allocator.maxOrder: 11
17:23:57.480 [main] DEBUG io.netty.buffer.PooledByteBufAllocator - -Dio.netty.allocator.chunkSize: 16777216
17:23:57.480 [main] DEBUG io.netty.buffer.PooledByteBufAllocator - -Dio.netty.allocator.smallCacheSize: 256
17:23:57.480 [main] DEBUG io.netty.buffer.PooledByteBufAllocator - -Dio.netty.allocator.normalCacheSize: 64
17:23:57.480 [main] DEBUG io.netty.buffer.PooledByteBufAllocator - -Dio.netty.allocator.maxCachedBufferCapacity: 32768
17:23:57.480 [main] DEBUG io.netty.buffer.PooledByteBufAllocator - -Dio.netty.allocator.cacheTrimInterval: 8192
17:23:57.480 [main] DEBUG io.netty.buffer.PooledByteBufAllocator - -Dio.netty.allocator.cacheTrimIntervalMillis: 0
17:23:57.480 [main] DEBUG io.netty.buffer.PooledByteBufAllocator - -Dio.netty.allocator.useCacheForAllThreads: true
17:23:57.480 [main] DEBUG io.netty.buffer.PooledByteBufAllocator - -Dio.netty.allocator.maxCachedByteBuffersPerChunk: 1023
17:23:57.493 [main] DEBUG io.netty.buffer.ByteBufUtil - -Dio.netty.allocator.type: pooled
17:23:57.493 [main] DEBUG io.netty.buffer.ByteBufUtil - -Dio.netty.threadLocalDirectBufferSize: 0
17:23:57.494 [main] DEBUG io.netty.buffer.ByteBufUtil - -Dio.netty.maxThreadLocalCharBufferSize: 16384
17:23:58.487 [Forwarding newSession on session null to remote] DEBUG io.netty.channel.DefaultChannelId - -Dio.netty.processId: 22804 (auto-detected)
17:23:58.490 [Forwarding newSession on session null to remote] DEBUG io.netty.util.NetUtil - -Djava.net.preferIPv4Stack: false
17:23:58.490 [Forwarding newSession on session null to remote] DEBUG io.netty.util.NetUtil - -Djava.net.preferIPv6Addresses: false
17:23:58.828 [Forwarding newSession on session null to remote] DEBUG io.netty.util.NetUtilInitializations - Loopback interface: lo (Software Loopback Interface 1, 127.0.0.1)
17:23:58.830 [Forwarding newSession on session null to remote] DEBUG io.netty.util.NetUtil - Failed to get SOMAXCONN from sysctl and file \proc\sys\net\core\somaxconn. Default: 200
17:23:59.212 [Forwarding newSession on session null to remote] DEBUG io.netty.channel.DefaultChannelId - -Dio.netty.machineId: b8:8a:60:ff:fe:f9:98:c2 (auto-detected)
17:23:59.331 [AsyncHttpClient-1-2] DEBUG io.netty.buffer.AbstractByteBuf - -Dio.netty.buffer.checkAccessible: true
17:23:59.331 [AsyncHttpClient-1-2] DEBUG io.netty.buffer.AbstractByteBuf - -Dio.netty.buffer.checkBounds: true
17:23:59.332 [AsyncHttpClient-1-2] DEBUG io.netty.util.ResourceLeakDetectorFactory - Loaded default ResourceLeakDetector: io.netty.util.ResourceLeakDetector@5f6c5717
17:23:59.381 [AsyncHttpClient-1-2] DEBUG io.netty.util.Recycler - -Dio.netty.recycler.maxCapacityPerThread: 4096
17:23:59.381 [AsyncHttpClient-1-2] DEBUG io.netty.util.Recycler - -Dio.netty.recycler.maxSharedCapacityFactor: 2
17:23:59.381 [AsyncHttpClient-1-2] DEBUG io.netty.util.Recycler - -Dio.netty.recycler.linkCapacity: 16
17:23:59.382 [AsyncHttpClient-1-2] DEBUG io.netty.util.Recycler - -Dio.netty.recycler.ratio: 8
17:23:59.382 [AsyncHttpClient-1-2] DEBUG io.netty.util.Recycler - -Dio.netty.recycler.delayedQueue.ratio: 8
17:24:03.948 [main] DEBUG io.netty.util.internal.ThreadLocalRandom - -Dio.netty.initialSeedUniquifier: 0x56207e403dae349e
17:24:04.018 [main] INFO  testCases.TC_001_AccountRegistration - Launched Chrome Browser
17:24:04.049 [main] INFO  testCases.TC_001_AccountRegistration -  Starting TC_001_AccountRegistration 
17:24:06.026 [main] INFO  testCases.TC_001_AccountRegistration - Home Page Displayed 
17:24:07.404 [main] INFO  testCases.TC_001_AccountRegistration - Clicked on My Account 
17:24:08.099 [main] INFO  testCases.TC_001_AccountRegistration - Clicked on Register 
17:24:08.222 [main] INFO  testCases.TC_001_AccountRegistration - Provided First Name 
17:24:08.358 [main] INFO  testCases.TC_001_AccountRegistration - Provided Last Name 
17:24:08.490 [main] INFO  testCases.TC_001_AccountRegistration - Provided Email 
17:24:08.588 [main] INFO  testCases.TC_001_AccountRegistration - Provided Telephone 
17:24:08.682 [main] INFO  testCases.TC_001_AccountRegistration - Provided Password 
17:24:08.764 [main] INFO  testCases.TC_001_AccountRegistration - Provided Confirmed Password 
17:24:08.833 [main] INFO  testCases.TC_001_AccountRegistration - Set Privacy Policy 
17:24:09.738 [main] INFO  testCases.TC_001_AccountRegistration - Clicked on Continue 
17:24:09.780 [main] INFO  testCases.TC_001_AccountRegistration - Account Registration Success 
17:24:09.783 [main] INFO  testCases.TC_001_AccountRegistration -  Finished TC_001_AccountRegistration 
17:24:15.063 [main] INFO  testCases.TC_002_Login - Launched Chrome Browser
17:24:15.069 [main] INFO  testCases.TC_002_Login -  Starting TC_002_Login 
17:24:16.976 [main] INFO  testCases.TC_002_Login - Home Page Displayed 
17:24:17.776 [main] INFO  testCases.TC_002_Login - Clicked on My Account 
17:24:18.359 [main] INFO  testCases.TC_002_Login - Clicked on Login 
17:24:18.520 [main] INFO  testCases.TC_002_Login - Provided Email 
17:24:18.618 [main] INFO  testCases.TC_002_Login - Provided Password 
17:24:19.463 [main] INFO  testCases.TC_002_Login - Clicked on Login
17:24:19.560 [main] INFO  testCases.TC_002_Login - Login Success 
17:24:19.560 [main] INFO  testCases.TC_002_Login -  Finished TC_002_Login 
17:24:24.377 [main] INFO  testCases.TC_003_LoginDDT - Launched Chrome Browser
17:24:26.360 [main] INFO  testCases.TC_003_LoginDDT -  Starting TC_003_LoginDDT 
17:24:28.145 [main] INFO  testCases.TC_003_LoginDDT - Home Page Displayed 
17:24:29.625 [main] INFO  testCases.TC_003_LoginDDT - Clicked on My Account 
17:24:30.086 [main] INFO  testCases.TC_003_LoginDDT - Clicked on Login 
17:24:30.218 [main] INFO  testCases.TC_003_LoginDDT - Provided Email 
17:24:30.314 [main] INFO  testCases.TC_003_LoginDDT - Provided Password 
17:24:31.137 [main] INFO  testCases.TC_003_LoginDDT - Clicked on Login
17:24:31.200 [main] INFO  testCases.TC_003_LoginDDT - Login Success 
17:24:31.924 [main] INFO  testCases.TC_003_LoginDDT -  Finished TC_003_LoginDDT 
17:24:31.926 [main] INFO  testCases.TC_003_LoginDDT -  Starting TC_003_LoginDDT 
17:24:32.391 [main] INFO  testCases.TC_003_LoginDDT - Home Page Displayed 
17:24:32.468 [main] INFO  testCases.TC_003_LoginDDT - Clicked on My Account 
17:24:32.863 [main] INFO  testCases.TC_003_LoginDDT - Clicked on Login 
17:24:32.986 [main] INFO  testCases.TC_003_LoginDDT - Provided Email 
17:24:33.079 [main] INFO  testCases.TC_003_LoginDDT - Provided Password 
17:24:33.684 [main] INFO  testCases.TC_003_LoginDDT - Clicked on Login
17:24:43.730 [main] ERROR testCases.TC_003_LoginDDT - Login Failed 
17:24:43.730 [main] INFO  testCases.TC_003_LoginDDT -  Finished TC_003_LoginDDT 
17:24:43.731 [main] INFO  testCases.TC_003_LoginDDT -  Starting TC_003_LoginDDT 
17:24:44.420 [main] INFO  testCases.TC_003_LoginDDT - Home Page Displayed 
17:24:44.540 [main] INFO  testCases.TC_003_LoginDDT - Clicked on My Account 
17:24:44.960 [main] INFO  testCases.TC_003_LoginDDT - Clicked on Login 
17:24:45.081 [main] INFO  testCases.TC_003_LoginDDT - Provided Email 
17:24:45.156 [main] INFO  testCases.TC_003_LoginDDT - Provided Password 
17:24:45.800 [main] INFO  testCases.TC_003_LoginDDT - Clicked on Login
17:24:55.830 [main] ERROR testCases.TC_003_LoginDDT - Login Failed 
17:24:55.831 [main] INFO  testCases.TC_003_LoginDDT -  Finished TC_003_LoginDDT 
17:24:55.831 [main] INFO  testCases.TC_003_LoginDDT -  Starting TC_003_LoginDDT 
17:24:56.402 [main] INFO  testCases.TC_003_LoginDDT - Home Page Displayed 
17:24:56.515 [main] INFO  testCases.TC_003_LoginDDT - Clicked on My Account 
17:24:56.970 [main] INFO  testCases.TC_003_LoginDDT - Clicked on Login 
17:24:57.137 [main] INFO  testCases.TC_003_LoginDDT - Provided Email 
17:24:57.222 [main] INFO  testCases.TC_003_LoginDDT - Provided Password 
17:24:57.770 [main] INFO  testCases.TC_003_LoginDDT - Clicked on Login
17:25:07.824 [main] ERROR testCases.TC_003_LoginDDT - Login Failed 
17:25:07.824 [main] INFO  testCases.TC_003_LoginDDT -  Finished TC_003_LoginDDT 
17:25:42.978 [main] DEBUG io.netty.util.internal.logging.InternalLoggerFactory - Using Log4J2 as the default logging framework
17:25:42.993 [main] DEBUG io.netty.util.ResourceLeakDetector - -Dio.netty.leakDetection.level: simple
17:25:42.994 [main] DEBUG io.netty.util.ResourceLeakDetector - -Dio.netty.leakDetection.targetRecords: 4
17:25:42.998 [main] DEBUG io.netty.util.ResourceLeakDetectorFactory - Loaded default ResourceLeakDetector: io.netty.util.ResourceLeakDetector@f79a760
17:25:43.018 [main] DEBUG io.netty.util.internal.PlatformDependent - Platform: Windows
17:25:43.020 [main] DEBUG io.netty.util.internal.PlatformDependent0 - -Dio.netty.noUnsafe: false
17:25:43.020 [main] DEBUG io.netty.util.internal.PlatformDependent0 - Java version: 8
17:25:43.021 [main] DEBUG io.netty.util.internal.PlatformDependent0 - sun.misc.Unsafe.theUnsafe: available
17:25:43.022 [main] DEBUG io.netty.util.internal.PlatformDependent0 - sun.misc.Unsafe.copyMemory: available
17:25:43.024 [main] DEBUG io.netty.util.internal.PlatformDependent0 - java.nio.Buffer.address: available
17:25:43.025 [main] DEBUG io.netty.util.internal.PlatformDependent0 - direct buffer constructor: available
17:25:43.026 [main] DEBUG io.netty.util.internal.PlatformDependent0 - java.nio.Bits.unaligned: available, true
17:25:43.026 [main] DEBUG io.netty.util.internal.PlatformDependent0 - jdk.internal.misc.Unsafe.allocateUninitializedArray(int): unavailable prior to Java9
17:25:43.026 [main] DEBUG io.netty.util.internal.PlatformDependent0 - java.nio.DirectByteBuffer.<init>(long, int): available
17:25:43.026 [main] DEBUG io.netty.util.internal.PlatformDependent - sun.misc.Unsafe: available
17:25:43.027 [main] DEBUG io.netty.util.internal.PlatformDependent - -Dio.netty.tmpdir: C:\Users\q777254\AppData\Local\Temp (java.io.tmpdir)
17:25:43.027 [main] DEBUG io.netty.util.internal.PlatformDependent - -Dio.netty.bitMode: 64 (sun.arch.data.model)
17:25:43.029 [main] DEBUG io.netty.util.internal.PlatformDependent - -Dio.netty.maxDirectMemory: 1773142016 bytes
17:25:43.029 [main] DEBUG io.netty.util.internal.PlatformDependent - -Dio.netty.uninitializedArrayAllocationThreshold: -1
17:25:43.031 [main] DEBUG io.netty.util.internal.CleanerJava6 - java.nio.ByteBuffer.cleaner(): available
17:25:43.031 [main] DEBUG io.netty.util.internal.PlatformDependent - -Dio.netty.noPreferDirect: false
17:25:43.042 [main] DEBUG io.netty.util.internal.PlatformDependent - org.jctools-core.MpscChunkedArrayQueue: available
17:25:43.070 [main] DEBUG io.netty.util.internal.InternalThreadLocalMap - -Dio.netty.threadLocalMap.stringBuilder.initialSize: 1024
17:25:43.070 [main] DEBUG io.netty.util.internal.InternalThreadLocalMap - -Dio.netty.threadLocalMap.stringBuilder.maxSize: 4096
17:25:43.110 [main] DEBUG io.netty.handler.ssl.JdkSslContext - Default protocols (JDK): [TLSv1.2, TLSv1.1, TLSv1] 
17:25:43.110 [main] DEBUG io.netty.handler.ssl.JdkSslContext - Default cipher suites (JDK): [TLS_ECDHE_ECDSA_WITH_AES_128_GCM_SHA256, TLS_ECDHE_RSA_WITH_AES_128_GCM_SHA256, TLS_ECDHE_RSA_WITH_AES_128_CBC_SHA, TLS_RSA_WITH_AES_128_GCM_SHA256, TLS_RSA_WITH_AES_128_CBC_SHA]
17:25:43.141 [main] DEBUG io.netty.channel.MultithreadEventLoopGroup - -Dio.netty.eventLoopThreads: 8
17:25:43.152 [main] DEBUG io.netty.channel.nio.NioEventLoop - -Dio.netty.noKeySetOptimization: false
17:25:43.153 [main] DEBUG io.netty.channel.nio.NioEventLoop - -Dio.netty.selectorAutoRebuildThreshold: 512
17:25:43.165 [main] TRACE io.netty.channel.nio.NioEventLoop - instrumented a special java.util.Set into: sun.nio.ch.WindowsSelectorImpl@8a589a2
17:25:43.167 [main] TRACE io.netty.channel.nio.NioEventLoop - instrumented a special java.util.Set into: sun.nio.ch.WindowsSelectorImpl@b672aa8
17:25:43.168 [main] TRACE io.netty.channel.nio.NioEventLoop - instrumented a special java.util.Set into: sun.nio.ch.WindowsSelectorImpl@2fab4aff
17:25:43.170 [main] TRACE io.netty.channel.nio.NioEventLoop - instrumented a special java.util.Set into: sun.nio.ch.WindowsSelectorImpl@ec0c838
17:25:43.172 [main] TRACE io.netty.channel.nio.NioEventLoop - instrumented a special java.util.Set into: sun.nio.ch.WindowsSelectorImpl@6e46d9f4
17:25:43.173 [main] TRACE io.netty.channel.nio.NioEventLoop - instrumented a special java.util.Set into: sun.nio.ch.WindowsSelectorImpl@5cc69cfe
17:25:43.175 [main] TRACE io.netty.channel.nio.NioEventLoop - instrumented a special java.util.Set into: sun.nio.ch.WindowsSelectorImpl@29cfd92b
17:25:43.176 [main] TRACE io.netty.channel.nio.NioEventLoop - instrumented a special java.util.Set into: sun.nio.ch.WindowsSelectorImpl@21c64522
17:25:43.204 [main] DEBUG io.netty.buffer.PooledByteBufAllocator - -Dio.netty.allocator.numHeapArenas: 8
17:25:43.204 [main] DEBUG io.netty.buffer.PooledByteBufAllocator - -Dio.netty.allocator.numDirectArenas: 8
17:25:43.204 [main] DEBUG io.netty.buffer.PooledByteBufAllocator - -Dio.netty.allocator.pageSize: 8192
17:25:43.204 [main] DEBUG io.netty.buffer.PooledByteBufAllocator - -Dio.netty.allocator.maxOrder: 11
17:25:43.204 [main] DEBUG io.netty.buffer.PooledByteBufAllocator - -Dio.netty.allocator.chunkSize: 16777216
17:25:43.204 [main] DEBUG io.netty.buffer.PooledByteBufAllocator - -Dio.netty.allocator.smallCacheSize: 256
17:25:43.204 [main] DEBUG io.netty.buffer.PooledByteBufAllocator - -Dio.netty.allocator.normalCacheSize: 64
17:25:43.204 [main] DEBUG io.netty.buffer.PooledByteBufAllocator - -Dio.netty.allocator.maxCachedBufferCapacity: 32768
17:25:43.204 [main] DEBUG io.netty.buffer.PooledByteBufAllocator - -Dio.netty.allocator.cacheTrimInterval: 8192
17:25:43.205 [main] DEBUG io.netty.buffer.PooledByteBufAllocator - -Dio.netty.allocator.cacheTrimIntervalMillis: 0
17:25:43.205 [main] DEBUG io.netty.buffer.PooledByteBufAllocator - -Dio.netty.allocator.useCacheForAllThreads: true
17:25:43.205 [main] DEBUG io.netty.buffer.PooledByteBufAllocator - -Dio.netty.allocator.maxCachedByteBuffersPerChunk: 1023
17:25:43.218 [main] DEBUG io.netty.buffer.ByteBufUtil - -Dio.netty.allocator.type: pooled
17:25:43.218 [main] DEBUG io.netty.buffer.ByteBufUtil - -Dio.netty.threadLocalDirectBufferSize: 0
17:25:43.218 [main] DEBUG io.netty.buffer.ByteBufUtil - -Dio.netty.maxThreadLocalCharBufferSize: 16384
17:25:44.162 [Forwarding newSession on session null to remote] DEBUG io.netty.channel.DefaultChannelId - -Dio.netty.processId: 21804 (auto-detected)
17:25:44.164 [Forwarding newSession on session null to remote] DEBUG io.netty.util.NetUtil - -Djava.net.preferIPv4Stack: false
17:25:44.165 [Forwarding newSession on session null to remote] DEBUG io.netty.util.NetUtil - -Djava.net.preferIPv6Addresses: false
17:25:44.441 [Forwarding newSession on session null to remote] DEBUG io.netty.util.NetUtilInitializations - Loopback interface: lo (Software Loopback Interface 1, 127.0.0.1)
17:25:44.442 [Forwarding newSession on session null to remote] DEBUG io.netty.util.NetUtil - Failed to get SOMAXCONN from sysctl and file \proc\sys\net\core\somaxconn. Default: 200
17:25:44.735 [Forwarding newSession on session null to remote] DEBUG io.netty.channel.DefaultChannelId - -Dio.netty.machineId: b8:8a:60:ff:fe:f9:98:c2 (auto-detected)
17:25:44.807 [AsyncHttpClient-1-2] DEBUG io.netty.buffer.AbstractByteBuf - -Dio.netty.buffer.checkAccessible: true
17:25:44.808 [AsyncHttpClient-1-2] DEBUG io.netty.buffer.AbstractByteBuf - -Dio.netty.buffer.checkBounds: true
17:25:44.808 [AsyncHttpClient-1-2] DEBUG io.netty.util.ResourceLeakDetectorFactory - Loaded default ResourceLeakDetector: io.netty.util.ResourceLeakDetector@2091f63c
17:25:44.869 [AsyncHttpClient-1-2] DEBUG io.netty.util.Recycler - -Dio.netty.recycler.maxCapacityPerThread: 4096
17:25:44.869 [AsyncHttpClient-1-2] DEBUG io.netty.util.Recycler - -Dio.netty.recycler.maxSharedCapacityFactor: 2
17:25:44.869 [AsyncHttpClient-1-2] DEBUG io.netty.util.Recycler - -Dio.netty.recycler.linkCapacity: 16
17:25:44.869 [AsyncHttpClient-1-2] DEBUG io.netty.util.Recycler - -Dio.netty.recycler.ratio: 8
17:25:44.870 [AsyncHttpClient-1-2] DEBUG io.netty.util.Recycler - -Dio.netty.recycler.delayedQueue.ratio: 8
17:25:48.567 [main] DEBUG io.netty.util.internal.ThreadLocalRandom - -Dio.netty.initialSeedUniquifier: 0xd3b1c0f1059d94e3
17:25:48.718 [main] INFO  testCases.TC_001_AccountRegistration - Launched Chrome Browser
17:25:48.783 [main] INFO  testCases.TC_001_AccountRegistration -  Starting TC_001_AccountRegistration 
17:25:50.083 [main] INFO  testCases.TC_001_AccountRegistration - Home Page Displayed 
17:25:50.914 [main] INFO  testCases.TC_001_AccountRegistration - Clicked on My Account 
17:25:51.543 [main] INFO  testCases.TC_001_AccountRegistration - Clicked on Register 
17:25:51.659 [main] INFO  testCases.TC_001_AccountRegistration - Provided First Name 
17:25:51.750 [main] INFO  testCases.TC_001_AccountRegistration - Provided Last Name 
17:25:51.847 [main] INFO  testCases.TC_001_AccountRegistration - Provided Email 
17:25:51.946 [main] INFO  testCases.TC_001_AccountRegistration - Provided Telephone 
17:25:52.037 [main] INFO  testCases.TC_001_AccountRegistration - Provided Password 
17:25:52.139 [main] INFO  testCases.TC_001_AccountRegistration - Provided Confirmed Password 
17:25:52.219 [main] INFO  testCases.TC_001_AccountRegistration - Set Privacy Policy 
17:25:53.112 [main] INFO  testCases.TC_001_AccountRegistration - Clicked on Continue 
17:25:53.144 [main] INFO  testCases.TC_001_AccountRegistration - Account Registration Success 
17:25:53.146 [main] INFO  testCases.TC_001_AccountRegistration -  Finished TC_001_AccountRegistration 
17:25:58.790 [main] INFO  testCases.TC_002_Login - Launched Chrome Browser
17:25:58.800 [main] INFO  testCases.TC_002_Login -  Starting TC_002_Login 
17:26:01.576 [main] INFO  testCases.TC_002_Login - Home Page Displayed 
17:26:02.142 [main] INFO  testCases.TC_002_Login - Clicked on My Account 
17:26:02.877 [main] INFO  testCases.TC_002_Login - Clicked on Login 
17:26:03.064 [main] INFO  testCases.TC_002_Login - Provided Email 
17:26:03.183 [main] INFO  testCases.TC_002_Login - Provided Password 
17:26:04.048 [main] INFO  testCases.TC_002_Login - Clicked on Login
17:26:04.146 [main] INFO  testCases.TC_002_Login - Login Success 
17:26:04.146 [main] INFO  testCases.TC_002_Login -  Finished TC_002_Login 
17:26:09.511 [main] INFO  testCases.TC_003_LoginDDT - Launched Chrome Browser
17:26:11.315 [main] INFO  testCases.TC_003_LoginDDT -  Starting TC_003_LoginDDT 
17:26:12.623 [main] INFO  testCases.TC_003_LoginDDT - Home Page Displayed 
17:26:13.657 [main] INFO  testCases.TC_003_LoginDDT - Clicked on My Account 
17:26:14.150 [main] INFO  testCases.TC_003_LoginDDT - Clicked on Login 
17:26:14.320 [main] INFO  testCases.TC_003_LoginDDT - Provided Email 
17:26:14.505 [main] INFO  testCases.TC_003_LoginDDT - Provided Password 
17:26:15.474 [main] INFO  testCases.TC_003_LoginDDT - Clicked on Login
17:26:15.554 [main] INFO  testCases.TC_003_LoginDDT - Login Success 
17:26:16.324 [main] INFO  testCases.TC_003_LoginDDT -  Finished TC_003_LoginDDT 
17:26:16.326 [main] INFO  testCases.TC_003_LoginDDT -  Starting TC_003_LoginDDT 
17:26:16.809 [main] INFO  testCases.TC_003_LoginDDT - Home Page Displayed 
17:26:16.913 [main] INFO  testCases.TC_003_LoginDDT - Clicked on My Account 
17:26:17.349 [main] INFO  testCases.TC_003_LoginDDT - Clicked on Login 
17:26:17.475 [main] INFO  testCases.TC_003_LoginDDT - Provided Email 
17:26:17.549 [main] INFO  testCases.TC_003_LoginDDT - Provided Password 
17:26:18.072 [main] INFO  testCases.TC_003_LoginDDT - Clicked on Login
17:26:29.143 [main] ERROR testCases.TC_003_LoginDDT - Login Failed 
17:26:29.143 [main] INFO  testCases.TC_003_LoginDDT -  Finished TC_003_LoginDDT 
17:26:29.145 [main] INFO  testCases.TC_003_LoginDDT -  Starting TC_003_LoginDDT 
17:26:33.189 [main] FATAL testCases.TC_003_LoginDDT - Login Failed 
17:26:33.209 [main] INFO  testCases.TC_003_LoginDDT -  Starting TC_003_LoginDDT 
17:26:37.230 [main] FATAL testCases.TC_003_LoginDDT - Login Failed 
17:26:38.726 [AsyncHttpClient-1-3] DEBUG io.netty.buffer.PoolThreadCache - Freed 2 thread-local buffer(s) from thread: AsyncHttpClient-1-3
17:26:38.726 [AsyncHttpClient-1-9] DEBUG io.netty.buffer.PoolThreadCache - Freed 2 thread-local buffer(s) from thread: AsyncHttpClient-1-9
17:26:38.726 [AsyncHttpClient-1-4] DEBUG io.netty.buffer.PoolThreadCache - Freed 3 thread-local buffer(s) from thread: AsyncHttpClient-1-4
17:26:38.727 [AsyncHttpClient-1-6] DEBUG io.netty.buffer.PoolThreadCache - Freed 2 thread-local buffer(s) from thread: AsyncHttpClient-1-6
17:26:38.727 [AsyncHttpClient-1-7] DEBUG io.netty.buffer.PoolThreadCache - Freed 3 thread-local buffer(s) from thread: AsyncHttpClient-1-7
17:27:05.073 [main] DEBUG io.netty.util.internal.logging.InternalLoggerFactory - Using Log4J2 as the default logging framework
17:27:05.088 [main] DEBUG io.netty.util.ResourceLeakDetector - -Dio.netty.leakDetection.level: simple
17:27:05.089 [main] DEBUG io.netty.util.ResourceLeakDetector - -Dio.netty.leakDetection.targetRecords: 4
17:27:05.093 [main] DEBUG io.netty.util.ResourceLeakDetectorFactory - Loaded default ResourceLeakDetector: io.netty.util.ResourceLeakDetector@5827af16
17:27:05.113 [main] DEBUG io.netty.util.internal.PlatformDependent - Platform: Windows
17:27:05.115 [main] DEBUG io.netty.util.internal.PlatformDependent0 - -Dio.netty.noUnsafe: false
17:27:05.115 [main] DEBUG io.netty.util.internal.PlatformDependent0 - Java version: 8
17:27:05.117 [main] DEBUG io.netty.util.internal.PlatformDependent0 - sun.misc.Unsafe.theUnsafe: available
